2024-06-19 18:33:18 DEBUG UpdateProducerImpl:13 - /start
2024-06-19 18:33:18 DEBUG UpdateProducerImpl:13 - /start
2024-06-19 18:33:18 DEBUG UpdateProducerImpl:13 - /start
2024-06-19 18:33:18 DEBUG UpdateProducerImpl:13 - /start
2024-06-19 18:33:18 DEBUG UpdateProducerImpl:13 - /start
2024-06-19 18:33:18 DEBUG UpdateProducerImpl:13 - /start
2024-06-19 18:33:18 DEBUG UpdateProducerImpl:13 - /start
2024-06-19 18:33:18 DEBUG UpdateProducerImpl:13 - /start
2024-06-19 18:33:18 DEBUG UpdateProducerImpl:13 - /start
2024-06-19 18:33:18 DEBUG UpdateProducerImpl:13 - /start
2024-06-19 18:33:18 DEBUG UpdateProducerImpl:13 - /start
2024-06-19 18:33:18 DEBUG UpdateProducerImpl:13 - /start
2024-06-19 18:33:18 DEBUG UpdateProducerImpl:13 - /start
2024-06-19 18:33:18 DEBUG UpdateProducerImpl:13 - /start
2024-06-19 18:33:18 DEBUG UpdateProducerImpl:13 - asd
2024-06-19 18:33:18 DEBUG UpdateProducerImpl:13 - QWEQWEQWEQWE
2024-06-19 18:33:18 DEBUG UpdateProducerImpl:13 - /start
2024-06-19 18:33:18 DEBUG UpdateProducerImpl:13 - asd
2024-06-19 18:33:26 DEBUG UpdateProducerImpl:13 - /start
2024-06-19 18:33:36 DEBUG UpdateProducerImpl:13 - /start
2024-06-19 18:33:49 DEBUG UpdateProducerImpl:13 - 
2024-06-19 18:34:04 DEBUG UpdateProducerImpl:13 - QWEQWEQWEQWE
2024-06-20 01:40:47 DEBUG UpdateProducerImpl:21 - Привет
2024-06-20 01:41:14 DEBUG UpdateProducerImpl:21 - Ещё раз привет
2024-06-20 01:46:24 DEBUG UpdateProducerImpl:21 - Hello
2024-06-20 01:48:42 DEBUG UpdateProducerImpl:21 - Ghbdtn
2024-06-20 01:50:59 DEBUG UpdateProducerImpl:21 - Привет
